#
# A fatal error has been detected by the Java Runtime Environment:
#
#  Internal Error (javaClasses.cpp:126), pid=6664, tid=6468
#  fatal error: Invalid layout of preloaded class
#
# JRE version:  (8.0_25-b18) (build )
# Java VM: Java HotSpot(TM) 64-Bit Server VM (25.25-b02 mixed mode windows-amd64 compressed oops)
# Failed to write core dump. Minidumps are not enabled by default on client versions of Windows
#
# If you would like to submit a bug report, please visit:
#   http://bugreport.sun.com/bugreport/crash.jsp
#

---------------  T H R E A D  ---------------

Current thread (0x00000000024d0800):  JavaThread "Unknown thread" [_thread_in_vm, id=6468, stack(0x00000000022e0000,0x00000000023e0000)]

Stack: [0x00000000022e0000,0x00000000023e0000]
Native frames: (J=compiled Java code, j=interpreted, Vv=VM code, C=native code)
V  [jvm.dll+0x31667a]
V  [jvm.dll+0x267073]
V  [jvm.dll+0x267cb3]
V  [jvm.dll+0x25f536]
V  [jvm.dll+0x5e773]
V  [jvm.dll+0x5e863]
V  [jvm.dll+0x731ca]
V  [jvm.dll+0x73528]
V  [jvm.dll+0xe48b7]
V  [jvm.dll+0xe4c46]
V  [jvm.dll+0x1f9ae7]
V  [jvm.dll+0x22b2e4]
V  [jvm.dll+0x14d571]
C  [javaw.exe+0x20c6]
C  [javaw.exe+0xc9eb]
C  [javaw.exe+0xca7f]
C  [KERNEL32.DLL+0x16ad]
C  [ntdll.dll+0x54409]


---------------  P R O C E S S  ---------------

Java Threads: ( => current thread )

Other Threads:

=>0x00000000024d0800 (exited) JavaThread "Unknown thread" [_thread_in_vm, id=6468, stack(0x00000000022e0000,0x00000000023e0000)]

VM state:not at safepoint (not fully initialized)

VM Mutex/Monitor currently owned by a thread: None

GC Heap History (0 events):
No events

Deoptimization events (0 events):
No events

Internal exceptions (0 events):
No events

Events (10 events):
Event: 0.132 loading class java/lang/CharSequence done
Event: 0.133 loading class java/lang/String done
Event: 0.133 loading class java/lang/Class
Event: 0.134 loading class java/lang/reflect/AnnotatedElement
Event: 0.134 loading class java/lang/reflect/AnnotatedElement done
Event: 0.134 loading class java/lang/reflect/GenericDeclaration
Event: 0.134 loading class java/lang/reflect/GenericDeclaration done
Event: 0.134 loading class java/lang/reflect/Type
Event: 0.134 loading class java/lang/reflect/Type done
Event: 0.134 loading class java/lang/Class done


Dynamic libraries:
0x00007ff646ca0000 - 0x00007ff646cd4000 	C:\Program Files\Java\jre1.8.0_25\bin\javaw.exe
0x00007ffc91be0000 - 0x00007ffc91d86000 	C:\Windows\SYSTEM32\ntdll.dll
0x00007ffc8ff30000 - 0x00007ffc9006a000 	C:\Windows\system32\KERNEL32.DLL
0x00007ffc8f0c0000 - 0x00007ffc8f1cf000 	C:\Windows\system32\KERNELBASE.dll
0x00007ffc8d600000 - 0x00007ffc8d688000 	C:\Windows\system32\apphelp.dll
0x00007ffc76820000 - 0x00007ffc7686f000 	C:\Windows\AppPatch\AppPatch64\AcGenral.DLL
0x00007ffc904a0000 - 0x00007ffc90547000 	C:\Windows\system32\msvcrt.dll
0x00007ffc8ed30000 - 0x00007ffc8ed5b000 	C:\Windows\SYSTEM32\SspiCli.dll
0x00007ffc919d0000 - 0x00007ffc91a21000 	C:\Windows\system32\SHLWAPI.dll
0x00007ffc8f7f0000 - 0x00007ffc8f961000 	C:\Windows\system32\USER32.dll
0x00007ffc8f560000 - 0x00007ffc8f6d8000 	C:\Windows\system32\ole32.dll
0x00007ffc90560000 - 0x00007ffc9196f000 	C:\Windows\system32\SHELL32.dll
0x00007ffc8e540000 - 0x00007ffc8e55e000 	C:\Windows\SYSTEM32\USERENV.dll
0x00007ffc8f460000 - 0x00007ffc8f505000 	C:\Windows\system32\ADVAPI32.dll
0x00007ffc76d60000 - 0x00007ffc76d7b000 	C:\Windows\SYSTEM32\MPR.dll
0x00007ffc8fb00000 - 0x00007ffc8fc37000 	C:\Windows\system32\RPCRT4.dll
0x00007ffc8fed0000 - 0x00007ffc8ff27000 	C:\Windows\SYSTEM32\sechost.dll
0x00007ffc902b0000 - 0x00007ffc90486000 	C:\Windows\SYSTEM32\combase.dll
0x00007ffc8fc40000 - 0x00007ffc8fd84000 	C:\Windows\system32\GDI32.dll
0x00007ffc8ef50000 - 0x00007ffc8ef64000 	C:\Windows\SYSTEM32\profapi.dll
0x00007ffc8d690000 - 0x00007ffc8d72f000 	C:\Windows\SYSTEM32\SHCORE.dll
0x00007ffc8f510000 - 0x00007ffc8f544000 	C:\Windows\system32\IMM32.DLL
0x00007ffc8fd90000 - 0x00007ffc8fec9000 	C:\Windows\system32\MSCTF.dll
0x00007ffc8b3b0000 - 0x00007ffc8b60a000 	C:\Windows\WinSxS\amd64_microsoft.windows.common-controls_6595b64144ccf1df_6.0.9600.17031_none_6242a4b3ecbb55a1\COMCTL32.dll
0x000000005ee60000 - 0x000000005ef32000 	C:\Program Files\Java\jre1.8.0_25\bin\msvcr100.dll
0x000000005f010000 - 0x000000005f86a000 	C:\Program Files\Java\jre1.8.0_25\bin\server\jvm.dll
0x00007ffc850c0000 - 0x00007ffc850c9000 	C:\Windows\SYSTEM32\WSOCK32.dll
0x00007ffc89990000 - 0x00007ffc899af000 	C:\Windows\SYSTEM32\WINMM.dll
0x00007ffc90490000 - 0x00007ffc90497000 	C:\Windows\system32\PSAPI.DLL
0x00007ffc91970000 - 0x00007ffc919c8000 	C:\Windows\system32\WS2_32.dll
0x00007ffc89960000 - 0x00007ffc8998a000 	C:\Windows\SYSTEM32\WINMMBASE.dll
0x00007ffc91bd0000 - 0x00007ffc91bd9000 	C:\Windows\system32\NSI.dll
0x00007ffc8f020000 - 0x00007ffc8f06a000 	C:\Windows\SYSTEM32\cfgmgr32.dll
0x00007ffc8ddc0000 - 0x00007ffc8dde6000 	C:\Windows\SYSTEM32\DEVOBJ.dll
0x000000005f000000 - 0x000000005f00f000 	C:\Program Files\Java\jre1.8.0_25\bin\verify.dll
0x000000005efd0000 - 0x000000005eff8000 	C:\Program Files\Java\jre1.8.0_25\bin\java.dll
0x000000005efb0000 - 0x000000005efc6000 	C:\Program Files\Java\jre1.8.0_25\bin\zip.dll
0x00007ffc65870000 - 0x00007ffc659f8000 	C:\Windows\SYSTEM32\dbghelp.dll

VM Arguments:
jvm_args: -Dfile.encoding=Cp1252 -Xbootclasspath:C:\Users\NagaBijeshRoy\android-sdks\platforms\android-19\android.jar 
java_command: com.mad.homework.CheckRandomized
java_class_path (initial): C:\Users\NagaBijeshRoy\android\HomeWork\bin\classes
Launcher Type: SUN_STANDARD

Environment Variables:
JAVA_HOME=C:\Program Files\Java\jdk1.8.0_25
PATH=C:/Program Files/Java/jre1.8.0_25/bin/server;C:/Program Files/Java/jre1.8.0_25/bin;C:/Program Files/Java/jre1.8.0_25/lib/amd64;C:\ProgramData\Oracle\Java\javapath;c:\Program Files (x86)\Intel\iCLS Client\;c:\Program Files\Intel\iCLS Client\;C:\Windows\system32;C:\Windows;C:\Windows\System32\Wbem;C:\Windows\System32\WindowsPowerShell\v1.0\;C:\Program Files\Intel\Intel(R) Management Engine Components\DAL;C:\Program Files\Intel\Intel(R) Management Engine Components\IPT;C:\Program Files (x86)\Intel\Intel(R) Management Engine Components\DAL;C:\Program Files (x86)\Intel\Intel(R) Management Engine Components\IPT;C:\Program Files\Intel\WiFi\bin\;C:\Program Files\Common Files\Intel\WirelessCommon\;C:\Program Files (x86)\MySQL\MySQL Utilities 1.4\;C:\Program Files (x86)\MySQL\MySQL Utilities 1.4\Doctrine extensions for PHP\;C:\Program Files\Microsoft SQL Server\110\Tools\Binn\;C:\Program Files (x86)\Microsoft SDKs\TypeScript\1.0\;C:\Program Files\Microsoft SQL Server\120\Tools\Binn\;C:\Program Files\Microsoft SQL Server\Client SDK\ODBC\110\Tools\Binn\;C:\Program Files (x86)\Microsoft SQL Server\120\Tools\Binn\;C:\Program Files\Microsoft SQL Server\120\DTS\Binn\;C:\Program Files (x86)\Microsoft SQL Server\120\Tools\Binn\ManagementStudio\;C:\Program Files (x86)\Microsoft SQL Server\120\DTS\Binn\;C:\Program Files (x86)\QuickTime\QTSystem\;C:\Users\NagaBijeshRoy\Desktop\eclipse;
USERNAME=NagaBijeshRoy
OS=Windows_NT
PROCESSOR_IDENTIFIER=Intel64 Family 6 Model 69 Stepping 1, GenuineIntel



---------------  S Y S T E M  ---------------

OS: Windows 8.1 , 64 bit Build 9600 

CPU:total 4 (2 cores per cpu, 2 threads per core) family 6 model 69 stepping 1, cmov, cx8, fxsr, mmx, sse, sse2, sse3, ssse3, sse4.1, sse4.2, popcnt, avx, avx2, aes, clmul, erms, lzcnt, ht, tsc, tscinvbit, bmi1, bmi2

Memory: 4k page, physical 8266712k(5380404k free), swap 9577432k(5447012k free)

vm_info: Java HotSpot(TM) 64-Bit Server VM (25.25-b02) for windows-amd64 JRE (1.8.0_25-b18), built on Oct  7 2014 14:25:37 by "java_re" with MS VC++ 10.0 (VS2010)

time: Sun Jan 18 12:14:16 2015
elapsed time: 0 seconds (0d 0h 0m 0s)

